<?xml version="1.0" encoding="UTF-8"?>
<testsuite name="com.Ateam.demo.controller.UserControllerTest" tests="8" skipped="0" failures="0" errors="0" timestamp="2022-05-02T13:27:38" hostname="DESKTOP-V352ELG" time="0.025">
  <properties/>
  <testcase name="managerAccess()" classname="com.Ateam.demo.controller.UserControllerTest" time="0.016"/>
  <testcase name="signUpForm()" classname="com.Ateam.demo.controller.UserControllerTest" time="0.0"/>
  <testcase name="access_Denied()" classname="com.Ateam.demo.controller.UserControllerTest" time="0.0"/>
  <testcase name="signUp()" classname="com.Ateam.demo.controller.UserControllerTest" time="0.001"/>
  <testcase name="root()" classname="com.Ateam.demo.controller.UserControllerTest" time="0.001"/>
  <testcase name="login()" classname="com.Ateam.demo.controller.UserControllerTest" time="0.0"/>
  <testcase name="loginFailed()" classname="com.Ateam.demo.controller.UserControllerTest" time="0.001"/>
  <testcase name="userAccess()" classname="com.Ateam.demo.controller.UserControllerTest" time="0.001"/>
  <system-out><![CDATA[]]></system-out>
  <system-err><![CDATA[]]></system-err>
</testsuite>
